2026-01-31 00:09:29,520 - tool_manager - INFO - Listing all tools.
2026-01-31 00:09:29,596 - tool_manager - INFO - Checking dependencies.
2026-01-31 00:09:29,798 - tool_manager - INFO - Showing summary status.
2026-01-31 00:09:29,983 - tool_manager - INFO - Displaying log file.
2026-01-31 00:25:16,102 - tool_manager - INFO - Listing all tools.
2026-01-31 00:25:37,835 - tool_manager - INFO - Checking dependencies.
2026-01-31 00:26:17,424 - tool_manager - INFO - Showing summary status.
2026-01-31 00:26:46,236 - tool_manager - INFO - Displaying log file.
2026-01-31 00:27:39,198 - tool_manager - INFO - Checking dependencies.
2026-01-31 01:06:34,815 - tool_manager - INFO - Listing all tools.
2026-01-31 01:07:10,719 - tool_manager - INFO - Listing all tools.
2026-01-31 01:07:30,334 - tool_manager - INFO - Checking dependencies.
2026-01-31 01:14:33,103 - tool_manager - INFO - Listing all tools.
2026-01-31 01:15:14,862 - tool_manager - INFO - Listing all tools.
2026-01-31 01:15:57,816 - tool_manager - INFO - Listing all tools.
2026-01-31 01:16:05,706 - tool_manager - INFO - Checking dependencies.
2026-01-31 01:29:27,040 - tool_manager - INFO - Checking dependencies.
2026-01-31 01:32:08,846 - tool_manager - INFO - Checking dependencies.
2026-01-31 01:40:40,600 - tool_manager - INFO - Listing all tools.
2026-01-31 01:41:03,807 - tool_manager - INFO - Checking dependencies.
2026-02-01 19:54:36,819 - tool_manager - INFO - Listing all tools.
2026-02-01 19:54:48,320 - tool_manager - INFO - Listing all tools.
2026-02-01 19:55:02,730 - tool_manager - INFO - Checking dependencies.
2026-02-01 19:56:16,425 - tool_manager - INFO - Showing summary status.
2026-02-01 19:57:20,939 - tool_manager - INFO - Listing all tools.
2026-02-02 12:34:18,455 - tool_manager - INFO - Listing all tools.
2026-02-02 12:34:29,608 - tool_manager - INFO - Checking dependencies.
2026-02-02 21:04:21,977 - tool_manager - INFO - Checking dependencies.
2026-02-02 21:04:34,313 - tool_manager - INFO - Listing all tools.
2026-02-02 22:16:38,783 - tool_manager - INFO - Checking dependencies.
2026-02-02 22:16:49,295 - tool_manager - INFO - Listing all tools.
2026-02-02 22:19:37,532 - tool_manager - INFO - Listing all tools.
2026-02-02 22:19:55,537 - tool_manager - INFO - Checking dependencies.
2026-02-02 22:36:16,184 - tool_manager - INFO - Listing all tools.
2026-02-02 22:36:24,142 - tool_manager - INFO - Checking dependencies.
2026-02-03 02:02:09,304 - tool_manager - INFO - Listing all tools.
2026-02-03 02:02:20,225 - tool_manager - INFO - Checking dependencies.
2026-02-03 02:03:57,645 - tool_manager - INFO - Checking dependencies.
2026-02-03 02:08:42,787 - tool_manager - INFO - Checking dependencies.
2026-02-03 02:09:05,248 - tool_manager - INFO - Checking dependencies.
2026-02-03 02:12:55,605 - tool_manager - INFO - Checking dependencies
2026-02-03 02:13:24,083 - tool_manager - INFO - Checking dependencies
2026-02-03 02:13:33,204 - tool_manager - INFO - Checking dependencies
2026-02-03 02:14:19,995 - tool_manager - INFO - Checking dependencies
2026-02-03 02:29:26,951 - tool_manager - INFO - Checking dependencies
2026-02-03 02:30:30,612 - tool_manager - INFO - Checking dependencies
2026-02-03 18:46:32,590 - tool_manager - INFO - Checking dependencies
2026-02-03 18:46:50,060 - tool_manager - INFO - Checking dependencies
2026-02-03 18:57:04,510 - tool_manager - INFO - Checking dependencies
2026-02-03 18:57:41,242 - tool_manager - INFO - Listing tools
2026-02-03 18:58:23,619 - tool_manager - INFO - Checking dependencies
2026-02-03 18:59:00,642 - tool_manager - INFO - Checking dependencies
2026-02-03 19:45:46,821 - tool_manager - INFO - Listing tools
2026-02-03 19:47:06,391 - tool_manager - INFO - Checking dependencies
2026-02-03 19:48:10,066 - tool_manager - INFO - Checking dependencies
2026-02-03 20:03:11,652 - tool_manager - INFO - Listing tools
2026-02-03 20:03:36,092 - tool_manager - INFO - Checking dependencies
2026-02-03 20:04:11,084 - tool_manager - INFO - Checking dependencies
